Flow report for zx_wxeda
Thu Mar 19 18:35:03 2015
Quartus II 64-Bit Version 13.0.1 Build 232 06/12/2013 Service Pack 1 SJ Web Edition


---------------------
; Table of Contents ;
---------------------
  1. Legal Notice
  2. Flow Summary
  3. Flow Settings
  4. Flow Non-Default Global Settings
  5. Flow Elapsed Time
  6. Flow OS Summary
  7. Flow Log
  8. Flow Messages
  9. Flow Suppressed Messages



----------------
; Legal Notice ;
----------------
Copyright (C) 1991-2013 Altera Corporation
Your use of Altera Corporation's design tools, logic functions 
and other software and tools, and its AMPP partner logic 
functions, and any output files from any of the foregoing 
(including device programming or simulation files), and any 
associated documentation or information are expressly subject 
to the terms and conditions of the Altera Program License 
Subscription Agreement, Altera MegaCore Function License 
Agreement, or other applicable license agreement, including, 
without limitation, that your use is for the sole purpose of 
programming logic devices manufactured by Altera and sold by 
Altera or its authorized distributors.  Please refer to the 
applicable agreement for further details.



+--------------------------------------------------------------------------------------+
; Flow Summary                                                                         ;
+------------------------------------+-------------------------------------------------+
; Flow Status                        ; Successful - Thu Mar 19 18:34:22 2015           ;
; Quartus II 64-Bit Version          ; 13.0.1 Build 232 06/12/2013 SP 1 SJ Web Edition ;
; Revision Name                      ; zx_wxeda                                        ;
; Top-level Entity Name              ; zx_wxeda                                        ;
; Family                             ; Cyclone IV E                                    ;
; Device                             ; EP4CE6E22C8                                     ;
; Timing Models                      ; Final                                           ;
; Total logic elements               ; 3,077 / 6,272 ( 49 % )                          ;
;     Total combinational functions  ; 2,940 / 6,272 ( 47 % )                          ;
;     Dedicated logic registers      ; 720 / 6,272 ( 11 % )                            ;
; Total registers                    ; 720                                             ;
; Total pins                         ; 77 / 92 ( 84 % )                                ;
; Total virtual pins                 ; 0                                               ;
; Total memory bits                  ; 202,752 / 276,480 ( 73 % )                      ;
; Embedded Multiplier 9-bit elements ; 0 / 30 ( 0 % )                                  ;
; Total PLLs                         ; 1 / 2 ( 50 % )                                  ;
+------------------------------------+-------------------------------------------------+


+-----------------------------------------+
; Flow Settings                           ;
+-------------------+---------------------+
; Option            ; Setting             ;
+-------------------+---------------------+
; Start date & time ; 03/19/2015 18:29:41 ;
; Main task         ; Compilation         ;
; Revision Name     ; zx_wxeda            ;
+-------------------+---------------------+


+------------------------------------------------------------------------------------------------------------------------+
; Flow Non-Default Global Settings                                                                                       ;
+-------------------------------------+---------------------------------------+---------------+-------------+------------+
; Assignment Name                     ; Value                                 ; Default Value ; Entity Name ; Section Id ;
+-------------------------------------+---------------------------------------+---------------+-------------+------------+
; COMPILER_SIGNATURE_ID               ; 8796757802087.142678258011772         ; --            ; --          ; --         ;
; IP_TOOL_NAME                        ; ROM: 1-PORT                           ; --            ; --          ; --         ;
; IP_TOOL_VERSION                     ; 13.0                                  ; --            ; --          ; --         ;
; MAX_CORE_JUNCTION_TEMP              ; 85                                    ; --            ; --          ; --         ;
; MIN_CORE_JUNCTION_TEMP              ; 0                                     ; --            ; --          ; --         ;
; MISC_FILE                           ; ../rtl/rom/rom.cmp                    ; --            ; --          ; --         ;
; OUTPUT_IO_TIMING_FAR_END_VMEAS      ; Half Signal Swing                     ; --            ; --          ; --         ;
; OUTPUT_IO_TIMING_FAR_END_VMEAS      ; Half Signal Swing                     ; --            ; --          ; --         ;
; OUTPUT_IO_TIMING_NEAR_END_VMEAS     ; Half Vccio                            ; --            ; --          ; --         ;
; OUTPUT_IO_TIMING_NEAR_END_VMEAS     ; Half Vccio                            ; --            ; --          ; --         ;
; PARTITION_COLOR                     ; 16764057                              ; --            ; --          ; Top        ;
; PARTITION_FITTER_PRESERVATION_LEVEL ; PLACEMENT_AND_ROUTING                 ; --            ; --          ; Top        ;
; PARTITION_NETLIST_TYPE              ; SOURCE                                ; --            ; --          ; Top        ;
; POWER_BOARD_THERMAL_MODEL           ; None (CONSERVATIVE)                   ; --            ; --          ; --         ;
; POWER_PRESET_COOLING_SOLUTION       ; 23 MM HEAT SINK WITH 200 LFPM AIRFLOW ; --            ; --          ; --         ;
+-------------------------------------+---------------------------------------+---------------+-------------+------------+


+-------------------------------------------------------------------------------------------------------------------------------+
; Flow Elapsed Time                                                                                                             ;
+---------------------------+--------------+-------------------------+---------------------+------------------------------------+
; Module Name               ; Elapsed Time ; Average Processors Used ; Peak Virtual Memory ; Total CPU Time (on all processors) ;
+---------------------------+--------------+-------------------------+---------------------+------------------------------------+
; Analysis & Synthesis      ; 00:01:29     ; 1.0                     ; 680 MB              ; 00:01:05                           ;
; Fitter                    ; 00:02:33     ; 1.0                     ; 791 MB              ; 00:02:00                           ;
; Assembler                 ; 00:00:07     ; 1.0                     ; 539 MB              ; 00:00:05                           ;
; TimeQuest Timing Analyzer ; 00:00:35     ; 1.0                     ; 620 MB              ; 00:00:24                           ;
; Total                     ; 00:04:44     ; --                      ; --                  ; 00:03:34                           ;
+---------------------------+--------------+-------------------------+---------------------+------------------------------------+


+-----------------------------------------------------------------------------------------+
; Flow OS Summary                                                                         ;
+---------------------------+------------------+------------+------------+----------------+
; Module Name               ; Machine Hostname ; OS Name    ; OS Version ; Processor type ;
+---------------------------+------------------+------------+------------+----------------+
; Analysis & Synthesis      ; andy-mint        ; Linux Mint ; 17         ; x86_64         ;
; Fitter                    ; andy-mint        ; Linux Mint ; 17         ; x86_64         ;
; Assembler                 ; andy-mint        ; Linux Mint ; 17         ; x86_64         ;
; TimeQuest Timing Analyzer ; andy-mint        ; Linux Mint ; 17         ; x86_64         ;
+---------------------------+------------------+------------+------------+----------------+


------------
; Flow Log ;
------------
quartus_map --read_settings_files=on --write_settings_files=off zx_wxeda -c zx_wxeda
quartus_fit --read_settings_files=off --write_settings_files=off zx_wxeda -c zx_wxeda
quartus_asm --read_settings_files=off --write_settings_files=off zx_wxeda -c zx_wxeda
quartus_sta zx_wxeda -c zx_wxeda



